<?xml version="1.0" encoding="UTF-8"?>
<testng-results ignored="0" total="1" passed="1" failed="0" skipped="0">
  <reporter-output>
  </reporter-output>
  <suite started-at="2022-11-04T06:11:48 CDT" name="Default suite" finished-at="2022-11-04T06:11:52 CDT" duration-ms="3894">
    <groups>
    </groups>
    <test started-at="2022-11-04T06:11:48 CDT" name="Default test" finished-at="2022-11-04T06:11:52 CDT" duration-ms="3894">
      <class name="test.LoginTest">
        <test-method signature="loginTest1(java.lang.String,java.lang.String)[pri:0, instance:test.LoginTest@65f095f8]" started-at="2022-11-04T06:11:48 CDT" name="loginTest1" finished-at="2022-11-04T06:11:52 CDT" duration-ms="3848" status="PASS">
          <params>
            <param index="0">
              <value>
                <![CDATA[demo@techfios.com ]]>
              </value>
            </param>
            <param index="1">
              <value>
                <![CDATA[abc123]]>
              </value>
            </param>
          </params>
          <reporter-output>
          </reporter-output>
        </test-method> <!-- loginTest1 -->
      </class> <!-- test.LoginTest -->
    </test> <!-- Default test -->
  </suite> <!-- Default suite -->
</testng-results>
