<?xml version="1.0" encoding="UTF-8"?>
<!-- Generated by org.testng.reporters.JUnitXMLReporter -->
<testsuite hostname="MSI" ignored="0" name="LoginTest" tests="1" failures="1" timestamp="2022-03-31T00:15:05 CDT" time="0.06" errors="0">
  <testcase name="loginTest1" time="0.009" classname="test.LoginTest">
    <failure type="java.lang.Error" message="Unresolved compilation problem: 
	The method inut(String) in the type BrowserFactory is not applicable for the arguments ()
">
      <![CDATA[java.lang.Error: Unresolved compilation problem: 
The method inut(String) in the type BrowserFactory is not applicable for the arguments ()

at test.LoginTest.loginTest1(LoginTest.java:22)
at java.util.ArrayList.forEach(ArrayList.java:1259)
at java.util.concurrent.FutureTask.run(FutureTask.java:266)
at java.util.concurrent.ThreadPoolExecutor.runWorker(ThreadPoolExecutor.java:1149)
at java.util.concurrent.ThreadPoolExecutor$Worker.run(ThreadPoolExecutor.java:624)
at java.lang.Thread.run(Thread.java:748)
... Removed 18 stack frames]]>
    </failure>
  </testcase> <!-- loginTest1 -->
</testsuite> <!-- LoginTest -->
